mode: set
<<<<<<< HEAD
github.com/terraform-providers/terraform-provider-ovc/ovc/data_source_ovc_machine.go:40.46,147.2 1 1
github.com/terraform-providers/terraform-provider-ovc/ovc/data_source_ovc_machine.go:149.90,154.16 5 0
github.com/terraform-providers/terraform-provider-ovc/ovc/data_source_ovc_machine.go:157.2,158.16 2 0
github.com/terraform-providers/terraform-provider-ovc/ovc/data_source_ovc_machine.go:161.2,163.31 3 0
github.com/terraform-providers/terraform-provider-ovc/ovc/data_source_ovc_machine.go:168.2,168.44 1 0
github.com/terraform-providers/terraform-provider-ovc/ovc/data_source_ovc_machine.go:154.16,156.3 1 0
github.com/terraform-providers/terraform-provider-ovc/ovc/data_source_ovc_machine.go:158.16,160.3 1 0
github.com/terraform-providers/terraform-provider-ovc/ovc/data_source_ovc_machine.go:163.31,164.22 1 0
github.com/terraform-providers/terraform-provider-ovc/ovc/data_source_ovc_machine.go:164.22,166.4 1 0
github.com/terraform-providers/terraform-provider-ovc/ovc/data_source_ovc_machine.go:171.76,174.40 3 0
github.com/terraform-providers/terraform-provider-ovc/ovc/data_source_ovc_machine.go:183.2,184.16 2 0
github.com/terraform-providers/terraform-provider-ovc/ovc/data_source_ovc_machine.go:187.2,202.36 16 0
github.com/terraform-providers/terraform-provider-ovc/ovc/data_source_ovc_machine.go:212.2,214.34 3 0
github.com/terraform-providers/terraform-provider-ovc/ovc/data_source_ovc_machine.go:221.2,222.12 2 0
github.com/terraform-providers/terraform-provider-ovc/ovc/data_source_ovc_machine.go:174.40,176.3 1 0
github.com/terraform-providers/terraform-provider-ovc/ovc/data_source_ovc_machine.go:176.8,178.17 2 0
github.com/terraform-providers/terraform-provider-ovc/ovc/data_source_ovc_machine.go:181.3,181.18 1 0
github.com/terraform-providers/terraform-provider-ovc/ovc/data_source_ovc_machine.go:178.17,180.4 1 0
github.com/terraform-providers/terraform-provider-ovc/ovc/data_source_ovc_machine.go:184.16,186.3 1 0
github.com/terraform-providers/terraform-provider-ovc/ovc/data_source_ovc_machine.go:202.36,211.3 8 0
github.com/terraform-providers/terraform-provider-ovc/ovc/data_source_ovc_machine.go:214.34,220.3 5 0
github.com/terraform-providers/terraform-provider-ovc/ovc/provider.go:33.59,42.27 9 1
github.com/terraform-providers/terraform-provider-ovc/ovc/provider.go:45.2,45.16 1 1
github.com/terraform-providers/terraform-provider-ovc/ovc/provider.go:49.2,49.16 1 1
github.com/terraform-providers/terraform-provider-ovc/ovc/provider.go:52.2,52.18 1 1
github.com/terraform-providers/terraform-provider-ovc/ovc/provider.go:42.27,44.3 1 1
github.com/terraform-providers/terraform-provider-ovc/ovc/provider.go:45.16,47.3 1 0
github.com/terraform-providers/terraform-provider-ovc/ovc/provider.go:49.16,51.3 1 0
github.com/terraform-providers/terraform-provider-ovc/ovc/provider.go:56.34,95.2 1 1
github.com/terraform-providers/terraform-provider-ovc/ovc/provider.go:97.33,107.16 10 1
github.com/terraform-providers/terraform-provider-ovc/ovc/provider.go:110.2,111.16 2 1
github.com/terraform-providers/terraform-provider-ovc/ovc/provider.go:114.2,116.12 3 1
github.com/terraform-providers/terraform-provider-ovc/ovc/provider.go:107.16,109.3 1 0
github.com/terraform-providers/terraform-provider-ovc/ovc/provider.go:111.16,113.3 1 0
github.com/terraform-providers/terraform-provider-ovc/ovc/provider.go:119.69,138.2 6 1
=======
github.com/terraform-providers/terraform-provider-ovc/ovc/data_source_disk.go:47.43,82.2 1 1
github.com/terraform-providers/terraform-provider-ovc/ovc/data_source_disk.go:84.87,89.16 5 0
github.com/terraform-providers/terraform-provider-ovc/ovc/data_source_disk.go:92.2,93.16 2 0
github.com/terraform-providers/terraform-provider-ovc/ovc/data_source_disk.go:96.2,98.28 3 0
github.com/terraform-providers/terraform-provider-ovc/ovc/data_source_disk.go:103.2,103.41 1 0
github.com/terraform-providers/terraform-provider-ovc/ovc/data_source_disk.go:89.16,91.3 1 0
github.com/terraform-providers/terraform-provider-ovc/ovc/data_source_disk.go:93.16,95.3 1 0
github.com/terraform-providers/terraform-provider-ovc/ovc/data_source_disk.go:98.28,99.22 1 0
github.com/terraform-providers/terraform-provider-ovc/ovc/data_source_disk.go:99.22,101.4 1 0
github.com/terraform-providers/terraform-provider-ovc/ovc/data_source_disk.go:106.73,109.37 3 0
github.com/terraform-providers/terraform-provider-ovc/ovc/data_source_disk.go:118.2,119.16 2 0
github.com/terraform-providers/terraform-provider-ovc/ovc/data_source_disk.go:122.2,130.12 9 0
github.com/terraform-providers/terraform-provider-ovc/ovc/data_source_disk.go:109.37,111.3 1 0
github.com/terraform-providers/terraform-provider-ovc/ovc/data_source_disk.go:111.8,113.17 2 0
github.com/terraform-providers/terraform-provider-ovc/ovc/data_source_disk.go:116.3,116.15 1 0
github.com/terraform-providers/terraform-provider-ovc/ovc/data_source_disk.go:113.17,115.4 1 0
github.com/terraform-providers/terraform-provider-ovc/ovc/data_source_disk.go:119.16,121.3 1 0
>>>>>>> 96d743197b5959b720a274b568730057f0d2de37
github.com/terraform-providers/terraform-provider-ovc/ovc/data_source_ovc_cloudspace.go:43.49,116.2 1 1
github.com/terraform-providers/terraform-provider-ovc/ovc/data_source_ovc_cloudspace.go:118.108,123.16 5 1
github.com/terraform-providers/terraform-provider-ovc/ovc/data_source_ovc_cloudspace.go:126.2,127.16 2 1
github.com/terraform-providers/terraform-provider-ovc/ovc/data_source_ovc_cloudspace.go:130.2,132.34 3 1
github.com/terraform-providers/terraform-provider-ovc/ovc/data_source_ovc_cloudspace.go:137.2,137.44 1 0
github.com/terraform-providers/terraform-provider-ovc/ovc/data_source_ovc_cloudspace.go:123.16,125.3 1 0
github.com/terraform-providers/terraform-provider-ovc/ovc/data_source_ovc_cloudspace.go:127.16,129.3 1 0
github.com/terraform-providers/terraform-provider-ovc/ovc/data_source_ovc_cloudspace.go:132.34,133.61 1 1
github.com/terraform-providers/terraform-provider-ovc/ovc/data_source_ovc_cloudspace.go:133.61,135.4 1 1
github.com/terraform-providers/terraform-provider-ovc/ovc/data_source_ovc_cloudspace.go:140.79,143.43 3 1
github.com/terraform-providers/terraform-provider-ovc/ovc/data_source_ovc_cloudspace.go:154.2,155.16 2 1
github.com/terraform-providers/terraform-provider-ovc/ovc/data_source_ovc_cloudspace.go:158.2,168.16 11 1
github.com/terraform-providers/terraform-provider-ovc/ovc/data_source_ovc_cloudspace.go:171.2,175.12 5 1
github.com/terraform-providers/terraform-provider-ovc/ovc/data_source_ovc_cloudspace.go:143.43,145.3 1 0
github.com/terraform-providers/terraform-provider-ovc/ovc/data_source_ovc_cloudspace.go:145.8,147.17 2 1
github.com/terraform-providers/terraform-provider-ovc/ovc/data_source_ovc_cloudspace.go:150.3,150.21 1 1
github.com/terraform-providers/terraform-provider-ovc/ovc/data_source_ovc_cloudspace.go:147.17,149.4 1 0
github.com/terraform-providers/terraform-provider-ovc/ovc/data_source_ovc_cloudspace.go:155.16,157.3 1 0
github.com/terraform-providers/terraform-provider-ovc/ovc/data_source_ovc_cloudspace.go:168.16,170.3 1 0
<<<<<<< HEAD
github.com/terraform-providers/terraform-provider-ovc/ovc/data_source_ovc_sizes.go:13.44,45.2 1 1
github.com/terraform-providers/terraform-provider-ovc/ovc/data_source_ovc_sizes.go:65.107,70.16 5 0
github.com/terraform-providers/terraform-provider-ovc/ovc/data_source_ovc_sizes.go:73.2,74.16 2 0
github.com/terraform-providers/terraform-provider-ovc/ovc/data_source_ovc_sizes.go:77.2,80.28 4 0
github.com/terraform-providers/terraform-provider-ovc/ovc/data_source_ovc_sizes.go:86.2,86.52 1 0
github.com/terraform-providers/terraform-provider-ovc/ovc/data_source_ovc_sizes.go:70.16,72.3 1 0
github.com/terraform-providers/terraform-provider-ovc/ovc/data_source_ovc_sizes.go:74.16,76.3 1 0
github.com/terraform-providers/terraform-provider-ovc/ovc/data_source_ovc_sizes.go:80.28,81.47 1 0
github.com/terraform-providers/terraform-provider-ovc/ovc/data_source_ovc_sizes.go:81.47,84.4 2 0
github.com/terraform-providers/terraform-provider-ovc/ovc/data_source_ovc_sizes.go:89.74,92.16 3 0
github.com/terraform-providers/terraform-provider-ovc/ovc/data_source_ovc_sizes.go:95.2,102.12 8 0
github.com/terraform-providers/terraform-provider-ovc/ovc/data_source_ovc_sizes.go:92.16,94.3 1 0
github.com/terraform-providers/terraform-provider-ovc/ovc/machine_helpers.go:71.69,75.14 4 0
github.com/terraform-providers/terraform-provider-ovc/ovc/machine_helpers.go:78.2,80.16 3 0
github.com/terraform-providers/terraform-provider-ovc/ovc/machine_helpers.go:83.2,85.16 3 0
github.com/terraform-providers/terraform-provider-ovc/ovc/machine_helpers.go:88.2,88.25 1 0
github.com/terraform-providers/terraform-provider-ovc/ovc/machine_helpers.go:75.14,77.3 1 0
github.com/terraform-providers/terraform-provider-ovc/ovc/machine_helpers.go:80.16,82.3 1 0
github.com/terraform-providers/terraform-provider-ovc/ovc/machine_helpers.go:85.16,87.3 1 0
github.com/terraform-providers/terraform-provider-ovc/ovc/resource_ovc_cloudspace.go:16.47,89.2 1 1
github.com/terraform-providers/terraform-provider-ovc/ovc/resource_ovc_cloudspace.go:91.90,94.16 3 1
github.com/terraform-providers/terraform-provider-ovc/ovc/resource_ovc_cloudspace.go:97.2,98.16 2 1
github.com/terraform-providers/terraform-provider-ovc/ovc/resource_ovc_cloudspace.go:101.2,102.16 2 1
github.com/terraform-providers/terraform-provider-ovc/ovc/resource_ovc_cloudspace.go:105.2,105.26 1 1
github.com/terraform-providers/terraform-provider-ovc/ovc/resource_ovc_cloudspace.go:94.16,96.3 1 0
github.com/terraform-providers/terraform-provider-ovc/ovc/resource_ovc_cloudspace.go:98.16,100.3 1 0
github.com/terraform-providers/terraform-provider-ovc/ovc/resource_ovc_cloudspace.go:102.16,104.3 1 0
github.com/terraform-providers/terraform-provider-ovc/ovc/resource_ovc_cloudspace.go:108.86,110.16 2 1
github.com/terraform-providers/terraform-provider-ovc/ovc/resource_ovc_cloudspace.go:113.2,114.16 2 1
github.com/terraform-providers/terraform-provider-ovc/ovc/resource_ovc_cloudspace.go:117.2,118.16 2 1
github.com/terraform-providers/terraform-provider-ovc/ovc/resource_ovc_cloudspace.go:121.2,121.12 1 1
github.com/terraform-providers/terraform-provider-ovc/ovc/resource_ovc_cloudspace.go:110.16,112.3 1 0
github.com/terraform-providers/terraform-provider-ovc/ovc/resource_ovc_cloudspace.go:114.16,116.3 1 0
github.com/terraform-providers/terraform-provider-ovc/ovc/resource_ovc_cloudspace.go:118.16,120.3 1 0
github.com/terraform-providers/terraform-provider-ovc/ovc/resource_ovc_cloudspace.go:124.80,126.16 2 0
github.com/terraform-providers/terraform-provider-ovc/ovc/resource_ovc_cloudspace.go:129.2,130.16 2 0
github.com/terraform-providers/terraform-provider-ovc/ovc/resource_ovc_cloudspace.go:133.2,134.16 2 0
github.com/terraform-providers/terraform-provider-ovc/ovc/resource_ovc_cloudspace.go:137.2,137.12 1 0
github.com/terraform-providers/terraform-provider-ovc/ovc/resource_ovc_cloudspace.go:126.16,128.3 1 0
github.com/terraform-providers/terraform-provider-ovc/ovc/resource_ovc_cloudspace.go:130.16,132.3 1 0
github.com/terraform-providers/terraform-provider-ovc/ovc/resource_ovc_cloudspace.go:134.16,136.3 1 0
github.com/terraform-providers/terraform-provider-ovc/ovc/resource_ovc_cloudspace.go:140.77,144.16 4 1
github.com/terraform-providers/terraform-provider-ovc/ovc/resource_ovc_cloudspace.go:147.2,158.12 12 1
github.com/terraform-providers/terraform-provider-ovc/ovc/resource_ovc_cloudspace.go:144.16,146.3 1 0
github.com/terraform-providers/terraform-provider-ovc/ovc/resource_ovc_cloudspace.go:162.79,166.16 4 1
github.com/terraform-providers/terraform-provider-ovc/ovc/resource_ovc_cloudspace.go:169.2,182.45 3 1
github.com/terraform-providers/terraform-provider-ovc/ovc/resource_ovc_cloudspace.go:220.2,222.16 3 1
github.com/terraform-providers/terraform-provider-ovc/ovc/resource_ovc_cloudspace.go:225.2,225.85 1 1
github.com/terraform-providers/terraform-provider-ovc/ovc/resource_ovc_cloudspace.go:166.16,168.3 1 0
github.com/terraform-providers/terraform-provider-ovc/ovc/resource_ovc_cloudspace.go:182.45,184.39 2 0
github.com/terraform-providers/terraform-provider-ovc/ovc/resource_ovc_cloudspace.go:191.3,191.37 1 0
github.com/terraform-providers/terraform-provider-ovc/ovc/resource_ovc_cloudspace.go:198.3,198.36 1 0
github.com/terraform-providers/terraform-provider-ovc/ovc/resource_ovc_cloudspace.go:205.3,205.45 1 0
github.com/terraform-providers/terraform-provider-ovc/ovc/resource_ovc_cloudspace.go:212.3,212.37 1 0
github.com/terraform-providers/terraform-provider-ovc/ovc/resource_ovc_cloudspace.go:184.39,186.18 2 0
github.com/terraform-providers/terraform-provider-ovc/ovc/resource_ovc_cloudspace.go:189.4,189.43 1 0
github.com/terraform-providers/terraform-provider-ovc/ovc/resource_ovc_cloudspace.go:186.18,188.5 1 0
github.com/terraform-providers/terraform-provider-ovc/ovc/resource_ovc_cloudspace.go:191.37,193.18 2 0
github.com/terraform-providers/terraform-provider-ovc/ovc/resource_ovc_cloudspace.go:196.4,196.41 1 0
github.com/terraform-providers/terraform-provider-ovc/ovc/resource_ovc_cloudspace.go:193.18,195.5 1 0
github.com/terraform-providers/terraform-provider-ovc/ovc/resource_ovc_cloudspace.go:198.36,200.18 2 0
github.com/terraform-providers/terraform-provider-ovc/ovc/resource_ovc_cloudspace.go:203.4,203.40 1 0
github.com/terraform-providers/terraform-provider-ovc/ovc/resource_ovc_cloudspace.go:200.18,202.5 1 0
github.com/terraform-providers/terraform-provider-ovc/ovc/resource_ovc_cloudspace.go:205.45,207.18 2 0
github.com/terraform-providers/terraform-provider-ovc/ovc/resource_ovc_cloudspace.go:210.4,210.48 1 0
github.com/terraform-providers/terraform-provider-ovc/ovc/resource_ovc_cloudspace.go:207.18,209.5 1 0
github.com/terraform-providers/terraform-provider-ovc/ovc/resource_ovc_cloudspace.go:212.37,214.18 2 0
github.com/terraform-providers/terraform-provider-ovc/ovc/resource_ovc_cloudspace.go:217.4,217.40 1 0
github.com/terraform-providers/terraform-provider-ovc/ovc/resource_ovc_cloudspace.go:214.18,216.5 1 0
github.com/terraform-providers/terraform-provider-ovc/ovc/resource_ovc_cloudspace.go:222.16,224.3 1 0
github.com/terraform-providers/terraform-provider-ovc/ovc/resource_ovc_cloudspace.go:225.85,228.38 2 1
github.com/terraform-providers/terraform-provider-ovc/ovc/resource_ovc_cloudspace.go:232.3,232.69 1 1
github.com/terraform-providers/terraform-provider-ovc/ovc/resource_ovc_cloudspace.go:228.38,231.4 2 1
github.com/terraform-providers/terraform-provider-ovc/ovc/resource_ovc_cloudspace.go:236.79,238.36 2 0
github.com/terraform-providers/terraform-provider-ovc/ovc/resource_ovc_cloudspace.go:294.2,294.40 1 0
github.com/terraform-providers/terraform-provider-ovc/ovc/resource_ovc_cloudspace.go:238.36,249.46 5 0
github.com/terraform-providers/terraform-provider-ovc/ovc/resource_ovc_cloudspace.go:288.3,290.17 2 0
github.com/terraform-providers/terraform-provider-ovc/ovc/resource_ovc_cloudspace.go:249.46,251.40 2 0
github.com/terraform-providers/terraform-provider-ovc/ovc/resource_ovc_cloudspace.go:258.4,258.37 1 0
github.com/terraform-providers/terraform-provider-ovc/ovc/resource_ovc_cloudspace.go:265.4,265.38 1 0
github.com/terraform-providers/terraform-provider-ovc/ovc/resource_ovc_cloudspace.go:273.4,273.46 1 0
github.com/terraform-providers/terraform-provider-ovc/ovc/resource_ovc_cloudspace.go:280.4,280.38 1 0
github.com/terraform-providers/terraform-provider-ovc/ovc/resource_ovc_cloudspace.go:251.40,253.19 2 0
github.com/terraform-providers/terraform-provider-ovc/ovc/resource_ovc_cloudspace.go:256.5,256.45 1 0
github.com/terraform-providers/terraform-provider-ovc/ovc/resource_ovc_cloudspace.go:253.19,255.6 1 0
github.com/terraform-providers/terraform-provider-ovc/ovc/resource_ovc_cloudspace.go:258.37,260.19 2 0
github.com/terraform-providers/terraform-provider-ovc/ovc/resource_ovc_cloudspace.go:263.5,263.42 1 0
github.com/terraform-providers/terraform-provider-ovc/ovc/resource_ovc_cloudspace.go:260.19,262.6 1 0
github.com/terraform-providers/terraform-provider-ovc/ovc/resource_ovc_cloudspace.go:265.38,268.19 3 0
github.com/terraform-providers/terraform-provider-ovc/ovc/resource_ovc_cloudspace.go:271.5,271.43 1 0
github.com/terraform-providers/terraform-provider-ovc/ovc/resource_ovc_cloudspace.go:268.19,270.6 1 0
github.com/terraform-providers/terraform-provider-ovc/ovc/resource_ovc_cloudspace.go:273.46,275.19 2 0
github.com/terraform-providers/terraform-provider-ovc/ovc/resource_ovc_cloudspace.go:278.5,278.50 1 0
github.com/terraform-providers/terraform-provider-ovc/ovc/resource_ovc_cloudspace.go:275.19,277.6 1 0
github.com/terraform-providers/terraform-provider-ovc/ovc/resource_ovc_cloudspace.go:280.38,282.19 2 0
github.com/terraform-providers/terraform-provider-ovc/ovc/resource_ovc_cloudspace.go:285.5,285.42 1 0
github.com/terraform-providers/terraform-provider-ovc/ovc/resource_ovc_cloudspace.go:282.19,284.6 1 0
github.com/terraform-providers/terraform-provider-ovc/ovc/resource_ovc_cloudspace.go:290.17,292.4 1 0
github.com/terraform-providers/terraform-provider-ovc/ovc/resource_ovc_cloudspace.go:297.79,302.16 5 1
github.com/terraform-providers/terraform-provider-ovc/ovc/resource_ovc_cloudspace.go:305.2,307.16 3 1
github.com/terraform-providers/terraform-provider-ovc/ovc/resource_ovc_cloudspace.go:310.2,310.12 1 1
github.com/terraform-providers/terraform-provider-ovc/ovc/resource_ovc_cloudspace.go:302.16,304.3 1 0
github.com/terraform-providers/terraform-provider-ovc/ovc/resource_ovc_cloudspace.go:307.16,309.3 1 0
=======
github.com/terraform-providers/terraform-provider-ovc/ovc/data_source_ovc_machine.go:40.46,188.2 1 1
github.com/terraform-providers/terraform-provider-ovc/ovc/data_source_ovc_machine.go:190.90,195.16 5 1
github.com/terraform-providers/terraform-provider-ovc/ovc/data_source_ovc_machine.go:198.2,199.16 2 1
github.com/terraform-providers/terraform-provider-ovc/ovc/data_source_ovc_machine.go:202.2,204.31 3 1
github.com/terraform-providers/terraform-provider-ovc/ovc/data_source_ovc_machine.go:209.2,209.44 1 0
github.com/terraform-providers/terraform-provider-ovc/ovc/data_source_ovc_machine.go:195.16,197.3 1 0
github.com/terraform-providers/terraform-provider-ovc/ovc/data_source_ovc_machine.go:199.16,201.3 1 0
github.com/terraform-providers/terraform-provider-ovc/ovc/data_source_ovc_machine.go:204.31,205.22 1 1
github.com/terraform-providers/terraform-provider-ovc/ovc/data_source_ovc_machine.go:205.22,207.4 1 1
github.com/terraform-providers/terraform-provider-ovc/ovc/data_source_ovc_machine.go:212.76,215.40 3 1
github.com/terraform-providers/terraform-provider-ovc/ovc/data_source_ovc_machine.go:224.2,225.16 2 1
github.com/terraform-providers/terraform-provider-ovc/ovc/data_source_ovc_machine.go:228.2,243.36 16 1
github.com/terraform-providers/terraform-provider-ovc/ovc/data_source_ovc_machine.go:253.2,255.31 3 1
github.com/terraform-providers/terraform-provider-ovc/ovc/data_source_ovc_machine.go:265.2,267.34 3 1
github.com/terraform-providers/terraform-provider-ovc/ovc/data_source_ovc_machine.go:274.2,275.12 2 1
github.com/terraform-providers/terraform-provider-ovc/ovc/data_source_ovc_machine.go:215.40,217.3 1 0
github.com/terraform-providers/terraform-provider-ovc/ovc/data_source_ovc_machine.go:217.8,219.17 2 1
github.com/terraform-providers/terraform-provider-ovc/ovc/data_source_ovc_machine.go:222.3,222.18 1 1
github.com/terraform-providers/terraform-provider-ovc/ovc/data_source_ovc_machine.go:219.17,221.4 1 0
github.com/terraform-providers/terraform-provider-ovc/ovc/data_source_ovc_machine.go:225.16,227.3 1 0
github.com/terraform-providers/terraform-provider-ovc/ovc/data_source_ovc_machine.go:243.36,252.3 8 1
github.com/terraform-providers/terraform-provider-ovc/ovc/data_source_ovc_machine.go:255.31,264.3 8 1
github.com/terraform-providers/terraform-provider-ovc/ovc/data_source_ovc_machine.go:267.34,273.3 5 1
>>>>>>> 96d743197b5959b720a274b568730057f0d2de37
github.com/terraform-providers/terraform-provider-ovc/ovc/resource_ovc_disk.go:63.41,101.2 1 1
github.com/terraform-providers/terraform-provider-ovc/ovc/resource_ovc_disk.go:103.69,105.16 2 0
github.com/terraform-providers/terraform-provider-ovc/ovc/resource_ovc_disk.go:108.2,109.16 2 0
github.com/terraform-providers/terraform-provider-ovc/ovc/resource_ovc_disk.go:112.2,113.16 2 0
github.com/terraform-providers/terraform-provider-ovc/ovc/resource_ovc_disk.go:116.2,116.26 1 0
github.com/terraform-providers/terraform-provider-ovc/ovc/resource_ovc_disk.go:105.16,107.3 1 0
github.com/terraform-providers/terraform-provider-ovc/ovc/resource_ovc_disk.go:109.16,111.3 1 0
github.com/terraform-providers/terraform-provider-ovc/ovc/resource_ovc_disk.go:113.16,115.3 1 0
github.com/terraform-providers/terraform-provider-ovc/ovc/resource_ovc_disk.go:119.68,121.16 2 0
github.com/terraform-providers/terraform-provider-ovc/ovc/resource_ovc_disk.go:124.2,126.16 3 0
github.com/terraform-providers/terraform-provider-ovc/ovc/resource_ovc_disk.go:129.2,130.16 2 0
github.com/terraform-providers/terraform-provider-ovc/ovc/resource_ovc_disk.go:133.2,133.12 1 0
github.com/terraform-providers/terraform-provider-ovc/ovc/resource_ovc_disk.go:121.16,123.3 1 0
github.com/terraform-providers/terraform-provider-ovc/ovc/resource_ovc_disk.go:126.16,128.3 1 0
github.com/terraform-providers/terraform-provider-ovc/ovc/resource_ovc_disk.go:130.16,132.3 1 0
github.com/terraform-providers/terraform-provider-ovc/ovc/resource_ovc_disk.go:136.67,139.16 3 0
github.com/terraform-providers/terraform-provider-ovc/ovc/resource_ovc_disk.go:142.2,144.16 3 0
github.com/terraform-providers/terraform-provider-ovc/ovc/resource_ovc_disk.go:147.2,148.16 2 0
github.com/terraform-providers/terraform-provider-ovc/ovc/resource_ovc_disk.go:151.2,152.16 2 0
github.com/terraform-providers/terraform-provider-ovc/ovc/resource_ovc_disk.go:155.2,157.16 3 0
github.com/terraform-providers/terraform-provider-ovc/ovc/resource_ovc_disk.go:160.2,160.22 1 0
github.com/terraform-providers/terraform-provider-ovc/ovc/resource_ovc_disk.go:139.16,141.3 1 0
github.com/terraform-providers/terraform-provider-ovc/ovc/resource_ovc_disk.go:144.16,146.3 1 0
github.com/terraform-providers/terraform-provider-ovc/ovc/resource_ovc_disk.go:148.16,150.3 1 0
github.com/terraform-providers/terraform-provider-ovc/ovc/resource_ovc_disk.go:152.16,154.3 1 0
github.com/terraform-providers/terraform-provider-ovc/ovc/resource_ovc_disk.go:157.16,159.3 1 0
github.com/terraform-providers/terraform-provider-ovc/ovc/resource_ovc_disk.go:164.71,168.16 4 0
github.com/terraform-providers/terraform-provider-ovc/ovc/resource_ovc_disk.go:171.2,171.12 1 0
github.com/terraform-providers/terraform-provider-ovc/ovc/resource_ovc_disk.go:168.16,170.3 1 0
github.com/terraform-providers/terraform-provider-ovc/ovc/resource_ovc_disk.go:174.73,185.16 11 0
github.com/terraform-providers/terraform-provider-ovc/ovc/resource_ovc_disk.go:188.2,189.34 2 0
github.com/terraform-providers/terraform-provider-ovc/ovc/resource_ovc_disk.go:185.16,187.3 1 0
github.com/terraform-providers/terraform-provider-ovc/ovc/resource_ovc_disk.go:193.73,195.2 1 0
github.com/terraform-providers/terraform-provider-ovc/ovc/resource_ovc_disk.go:197.73,202.16 5 0
github.com/terraform-providers/terraform-provider-ovc/ovc/resource_ovc_disk.go:205.2,208.16 4 0
github.com/terraform-providers/terraform-provider-ovc/ovc/resource_ovc_disk.go:211.2,211.12 1 0
github.com/terraform-providers/terraform-provider-ovc/ovc/resource_ovc_disk.go:202.16,204.3 1 0
github.com/terraform-providers/terraform-provider-ovc/ovc/resource_ovc_disk.go:208.16,210.3 1 0
<<<<<<< HEAD
=======
github.com/terraform-providers/terraform-provider-ovc/ovc/cloudspace_helpers.go:70.42,74.2 3 1
github.com/terraform-providers/terraform-provider-ovc/ovc/cloudspace_helpers.go:76.63,78.16 2 1
github.com/terraform-providers/terraform-provider-ovc/ovc/cloudspace_helpers.go:81.2,82.16 2 1
github.com/terraform-providers/terraform-provider-ovc/ovc/cloudspace_helpers.go:85.2,87.32 3 1
github.com/terraform-providers/terraform-provider-ovc/ovc/cloudspace_helpers.go:92.2,92.44 1 0
github.com/terraform-providers/terraform-provider-ovc/ovc/cloudspace_helpers.go:78.16,80.3 1 0
github.com/terraform-providers/terraform-provider-ovc/ovc/cloudspace_helpers.go:82.16,84.3 1 0
github.com/terraform-providers/terraform-provider-ovc/ovc/cloudspace_helpers.go:87.32,88.26 1 1
github.com/terraform-providers/terraform-provider-ovc/ovc/cloudspace_helpers.go:88.26,90.4 1 1
github.com/terraform-providers/terraform-provider-ovc/ovc/cloudspace_helpers.go:95.77,99.16 3 1
github.com/terraform-providers/terraform-provider-ovc/ovc/cloudspace_helpers.go:102.2,104.16 3 1
github.com/terraform-providers/terraform-provider-ovc/ovc/cloudspace_helpers.go:107.2,108.16 2 1
github.com/terraform-providers/terraform-provider-ovc/ovc/cloudspace_helpers.go:111.2,112.16 2 1
github.com/terraform-providers/terraform-provider-ovc/ovc/cloudspace_helpers.go:115.2,117.16 3 1
github.com/terraform-providers/terraform-provider-ovc/ovc/cloudspace_helpers.go:120.2,120.24 1 1
github.com/terraform-providers/terraform-provider-ovc/ovc/cloudspace_helpers.go:99.16,101.3 1 0
github.com/terraform-providers/terraform-provider-ovc/ovc/cloudspace_helpers.go:104.16,106.3 1 0
github.com/terraform-providers/terraform-provider-ovc/ovc/cloudspace_helpers.go:108.16,110.3 1 0
github.com/terraform-providers/terraform-provider-ovc/ovc/cloudspace_helpers.go:112.16,114.3 1 0
github.com/terraform-providers/terraform-provider-ovc/ovc/cloudspace_helpers.go:117.16,119.3 1 0
github.com/terraform-providers/terraform-provider-ovc/ovc/cloudspace_helpers.go:124.82,125.30 1 0
github.com/terraform-providers/terraform-provider-ovc/ovc/cloudspace_helpers.go:128.2,128.14 1 0
github.com/terraform-providers/terraform-provider-ovc/ovc/cloudspace_helpers.go:125.30,127.3 1 0
github.com/terraform-providers/terraform-provider-ovc/ovc/data_source_ovc_sizes.go:13.44,45.2 1 1
github.com/terraform-providers/terraform-provider-ovc/ovc/data_source_ovc_sizes.go:65.107,70.16 5 0
github.com/terraform-providers/terraform-provider-ovc/ovc/data_source_ovc_sizes.go:73.2,74.16 2 0
github.com/terraform-providers/terraform-provider-ovc/ovc/data_source_ovc_sizes.go:77.2,80.28 4 0
github.com/terraform-providers/terraform-provider-ovc/ovc/data_source_ovc_sizes.go:86.2,86.52 1 0
github.com/terraform-providers/terraform-provider-ovc/ovc/data_source_ovc_sizes.go:70.16,72.3 1 0
github.com/terraform-providers/terraform-provider-ovc/ovc/data_source_ovc_sizes.go:74.16,76.3 1 0
github.com/terraform-providers/terraform-provider-ovc/ovc/data_source_ovc_sizes.go:80.28,81.47 1 0
github.com/terraform-providers/terraform-provider-ovc/ovc/data_source_ovc_sizes.go:81.47,84.4 2 0
github.com/terraform-providers/terraform-provider-ovc/ovc/data_source_ovc_sizes.go:89.74,92.16 3 0
github.com/terraform-providers/terraform-provider-ovc/ovc/data_source_ovc_sizes.go:95.2,102.12 8 0
github.com/terraform-providers/terraform-provider-ovc/ovc/data_source_ovc_sizes.go:92.16,94.3 1 0
github.com/terraform-providers/terraform-provider-ovc/ovc/machine_helpers.go:71.69,75.14 4 1
github.com/terraform-providers/terraform-provider-ovc/ovc/machine_helpers.go:78.2,80.16 3 1
github.com/terraform-providers/terraform-provider-ovc/ovc/machine_helpers.go:83.2,85.16 3 1
github.com/terraform-providers/terraform-provider-ovc/ovc/machine_helpers.go:88.2,88.25 1 1
github.com/terraform-providers/terraform-provider-ovc/ovc/machine_helpers.go:75.14,77.3 1 0
github.com/terraform-providers/terraform-provider-ovc/ovc/machine_helpers.go:80.16,82.3 1 1
github.com/terraform-providers/terraform-provider-ovc/ovc/machine_helpers.go:85.16,87.3 1 0
github.com/terraform-providers/terraform-provider-ovc/ovc/provider.go:33.59,42.27 9 1
github.com/terraform-providers/terraform-provider-ovc/ovc/provider.go:45.2,45.16 1 1
github.com/terraform-providers/terraform-provider-ovc/ovc/provider.go:49.2,49.16 1 1
github.com/terraform-providers/terraform-provider-ovc/ovc/provider.go:52.2,52.18 1 1
github.com/terraform-providers/terraform-provider-ovc/ovc/provider.go:42.27,44.3 1 1
github.com/terraform-providers/terraform-provider-ovc/ovc/provider.go:45.16,47.3 1 0
github.com/terraform-providers/terraform-provider-ovc/ovc/provider.go:49.16,51.3 1 0
github.com/terraform-providers/terraform-provider-ovc/ovc/provider.go:56.34,95.2 1 1
github.com/terraform-providers/terraform-provider-ovc/ovc/provider.go:97.33,107.16 10 1
github.com/terraform-providers/terraform-provider-ovc/ovc/provider.go:110.2,111.16 2 1
github.com/terraform-providers/terraform-provider-ovc/ovc/provider.go:114.2,116.12 3 1
github.com/terraform-providers/terraform-provider-ovc/ovc/provider.go:107.16,109.3 1 0
github.com/terraform-providers/terraform-provider-ovc/ovc/provider.go:111.16,113.3 1 0
github.com/terraform-providers/terraform-provider-ovc/ovc/provider.go:119.69,138.2 6 1
github.com/terraform-providers/terraform-provider-ovc/ovc/resource_ovc_cloudspace.go:13.47,86.2 1 1
github.com/terraform-providers/terraform-provider-ovc/ovc/resource_ovc_cloudspace.go:88.90,91.16 3 1
github.com/terraform-providers/terraform-provider-ovc/ovc/resource_ovc_cloudspace.go:94.2,95.16 2 1
github.com/terraform-providers/terraform-provider-ovc/ovc/resource_ovc_cloudspace.go:98.2,99.16 2 1
github.com/terraform-providers/terraform-provider-ovc/ovc/resource_ovc_cloudspace.go:102.2,102.26 1 1
github.com/terraform-providers/terraform-provider-ovc/ovc/resource_ovc_cloudspace.go:91.16,93.3 1 0
github.com/terraform-providers/terraform-provider-ovc/ovc/resource_ovc_cloudspace.go:95.16,97.3 1 0
github.com/terraform-providers/terraform-provider-ovc/ovc/resource_ovc_cloudspace.go:99.16,101.3 1 0
github.com/terraform-providers/terraform-provider-ovc/ovc/resource_ovc_cloudspace.go:105.86,107.16 2 1
github.com/terraform-providers/terraform-provider-ovc/ovc/resource_ovc_cloudspace.go:110.2,111.16 2 1
github.com/terraform-providers/terraform-provider-ovc/ovc/resource_ovc_cloudspace.go:114.2,115.16 2 1
github.com/terraform-providers/terraform-provider-ovc/ovc/resource_ovc_cloudspace.go:118.2,118.12 1 1
github.com/terraform-providers/terraform-provider-ovc/ovc/resource_ovc_cloudspace.go:107.16,109.3 1 0
github.com/terraform-providers/terraform-provider-ovc/ovc/resource_ovc_cloudspace.go:111.16,113.3 1 0
github.com/terraform-providers/terraform-provider-ovc/ovc/resource_ovc_cloudspace.go:115.16,117.3 1 0
github.com/terraform-providers/terraform-provider-ovc/ovc/resource_ovc_cloudspace.go:121.80,123.16 2 0
github.com/terraform-providers/terraform-provider-ovc/ovc/resource_ovc_cloudspace.go:126.2,127.16 2 0
github.com/terraform-providers/terraform-provider-ovc/ovc/resource_ovc_cloudspace.go:130.2,131.16 2 0
github.com/terraform-providers/terraform-provider-ovc/ovc/resource_ovc_cloudspace.go:134.2,134.12 1 0
github.com/terraform-providers/terraform-provider-ovc/ovc/resource_ovc_cloudspace.go:123.16,125.3 1 0
github.com/terraform-providers/terraform-provider-ovc/ovc/resource_ovc_cloudspace.go:127.16,129.3 1 0
github.com/terraform-providers/terraform-provider-ovc/ovc/resource_ovc_cloudspace.go:131.16,133.3 1 0
github.com/terraform-providers/terraform-provider-ovc/ovc/resource_ovc_cloudspace.go:137.77,141.16 4 1
github.com/terraform-providers/terraform-provider-ovc/ovc/resource_ovc_cloudspace.go:144.2,155.12 12 1
github.com/terraform-providers/terraform-provider-ovc/ovc/resource_ovc_cloudspace.go:141.16,143.3 1 0
github.com/terraform-providers/terraform-provider-ovc/ovc/resource_ovc_cloudspace.go:159.79,163.16 4 1
github.com/terraform-providers/terraform-provider-ovc/ovc/resource_ovc_cloudspace.go:166.2,179.45 3 1
github.com/terraform-providers/terraform-provider-ovc/ovc/resource_ovc_cloudspace.go:217.2,218.16 2 1
github.com/terraform-providers/terraform-provider-ovc/ovc/resource_ovc_cloudspace.go:221.2,222.40 2 1
github.com/terraform-providers/terraform-provider-ovc/ovc/resource_ovc_cloudspace.go:163.16,165.3 1 0
github.com/terraform-providers/terraform-provider-ovc/ovc/resource_ovc_cloudspace.go:179.45,181.39 2 0
github.com/terraform-providers/terraform-provider-ovc/ovc/resource_ovc_cloudspace.go:188.3,188.37 1 0
github.com/terraform-providers/terraform-provider-ovc/ovc/resource_ovc_cloudspace.go:195.3,195.36 1 0
github.com/terraform-providers/terraform-provider-ovc/ovc/resource_ovc_cloudspace.go:202.3,202.45 1 0
github.com/terraform-providers/terraform-provider-ovc/ovc/resource_ovc_cloudspace.go:209.3,209.37 1 0
github.com/terraform-providers/terraform-provider-ovc/ovc/resource_ovc_cloudspace.go:181.39,183.18 2 0
github.com/terraform-providers/terraform-provider-ovc/ovc/resource_ovc_cloudspace.go:186.4,186.43 1 0
github.com/terraform-providers/terraform-provider-ovc/ovc/resource_ovc_cloudspace.go:183.18,185.5 1 0
github.com/terraform-providers/terraform-provider-ovc/ovc/resource_ovc_cloudspace.go:188.37,190.18 2 0
github.com/terraform-providers/terraform-provider-ovc/ovc/resource_ovc_cloudspace.go:193.4,193.41 1 0
github.com/terraform-providers/terraform-provider-ovc/ovc/resource_ovc_cloudspace.go:190.18,192.5 1 0
github.com/terraform-providers/terraform-provider-ovc/ovc/resource_ovc_cloudspace.go:195.36,197.18 2 0
github.com/terraform-providers/terraform-provider-ovc/ovc/resource_ovc_cloudspace.go:200.4,200.40 1 0
github.com/terraform-providers/terraform-provider-ovc/ovc/resource_ovc_cloudspace.go:197.18,199.5 1 0
github.com/terraform-providers/terraform-provider-ovc/ovc/resource_ovc_cloudspace.go:202.45,204.18 2 0
github.com/terraform-providers/terraform-provider-ovc/ovc/resource_ovc_cloudspace.go:207.4,207.48 1 0
github.com/terraform-providers/terraform-provider-ovc/ovc/resource_ovc_cloudspace.go:204.18,206.5 1 0
github.com/terraform-providers/terraform-provider-ovc/ovc/resource_ovc_cloudspace.go:209.37,211.18 2 0
github.com/terraform-providers/terraform-provider-ovc/ovc/resource_ovc_cloudspace.go:214.4,214.40 1 0
github.com/terraform-providers/terraform-provider-ovc/ovc/resource_ovc_cloudspace.go:211.18,213.5 1 0
github.com/terraform-providers/terraform-provider-ovc/ovc/resource_ovc_cloudspace.go:218.16,220.3 1 0
github.com/terraform-providers/terraform-provider-ovc/ovc/resource_ovc_cloudspace.go:225.79,227.36 2 0
github.com/terraform-providers/terraform-provider-ovc/ovc/resource_ovc_cloudspace.go:283.2,283.40 1 0
github.com/terraform-providers/terraform-provider-ovc/ovc/resource_ovc_cloudspace.go:227.36,238.46 5 0
github.com/terraform-providers/terraform-provider-ovc/ovc/resource_ovc_cloudspace.go:277.3,279.17 2 0
github.com/terraform-providers/terraform-provider-ovc/ovc/resource_ovc_cloudspace.go:238.46,240.40 2 0
github.com/terraform-providers/terraform-provider-ovc/ovc/resource_ovc_cloudspace.go:247.4,247.37 1 0
github.com/terraform-providers/terraform-provider-ovc/ovc/resource_ovc_cloudspace.go:254.4,254.38 1 0
github.com/terraform-providers/terraform-provider-ovc/ovc/resource_ovc_cloudspace.go:262.4,262.46 1 0
github.com/terraform-providers/terraform-provider-ovc/ovc/resource_ovc_cloudspace.go:269.4,269.38 1 0
github.com/terraform-providers/terraform-provider-ovc/ovc/resource_ovc_cloudspace.go:240.40,242.19 2 0
github.com/terraform-providers/terraform-provider-ovc/ovc/resource_ovc_cloudspace.go:245.5,245.45 1 0
github.com/terraform-providers/terraform-provider-ovc/ovc/resource_ovc_cloudspace.go:242.19,244.6 1 0
github.com/terraform-providers/terraform-provider-ovc/ovc/resource_ovc_cloudspace.go:247.37,249.19 2 0
github.com/terraform-providers/terraform-provider-ovc/ovc/resource_ovc_cloudspace.go:252.5,252.42 1 0
github.com/terraform-providers/terraform-provider-ovc/ovc/resource_ovc_cloudspace.go:249.19,251.6 1 0
github.com/terraform-providers/terraform-provider-ovc/ovc/resource_ovc_cloudspace.go:254.38,257.19 3 0
github.com/terraform-providers/terraform-provider-ovc/ovc/resource_ovc_cloudspace.go:260.5,260.43 1 0
github.com/terraform-providers/terraform-provider-ovc/ovc/resource_ovc_cloudspace.go:257.19,259.6 1 0
github.com/terraform-providers/terraform-provider-ovc/ovc/resource_ovc_cloudspace.go:262.46,264.19 2 0
github.com/terraform-providers/terraform-provider-ovc/ovc/resource_ovc_cloudspace.go:267.5,267.50 1 0
github.com/terraform-providers/terraform-provider-ovc/ovc/resource_ovc_cloudspace.go:264.19,266.6 1 0
github.com/terraform-providers/terraform-provider-ovc/ovc/resource_ovc_cloudspace.go:269.38,271.19 2 0
github.com/terraform-providers/terraform-provider-ovc/ovc/resource_ovc_cloudspace.go:274.5,274.42 1 0
github.com/terraform-providers/terraform-provider-ovc/ovc/resource_ovc_cloudspace.go:271.19,273.6 1 0
github.com/terraform-providers/terraform-provider-ovc/ovc/resource_ovc_cloudspace.go:279.17,281.4 1 0
github.com/terraform-providers/terraform-provider-ovc/ovc/resource_ovc_cloudspace.go:286.79,291.16 5 1
github.com/terraform-providers/terraform-provider-ovc/ovc/resource_ovc_cloudspace.go:294.2,296.16 3 1
github.com/terraform-providers/terraform-provider-ovc/ovc/resource_ovc_cloudspace.go:299.2,299.12 1 1
github.com/terraform-providers/terraform-provider-ovc/ovc/resource_ovc_cloudspace.go:291.16,293.3 1 0
github.com/terraform-providers/terraform-provider-ovc/ovc/resource_ovc_cloudspace.go:296.16,298.3 1 0
>>>>>>> 96d743197b5959b720a274b568730057f0d2de37
github.com/terraform-providers/terraform-provider-ovc/ovc/resource_ovc_forwarding.go:35.48,73.2 1 1
github.com/terraform-providers/terraform-provider-ovc/ovc/resource_ovc_forwarding.go:75.89,77.16 2 0
github.com/terraform-providers/terraform-provider-ovc/ovc/resource_ovc_forwarding.go:80.2,81.16 2 0
github.com/terraform-providers/terraform-provider-ovc/ovc/resource_ovc_forwarding.go:84.2,85.16 2 0
github.com/terraform-providers/terraform-provider-ovc/ovc/resource_ovc_forwarding.go:88.2,88.12 1 0
github.com/terraform-providers/terraform-provider-ovc/ovc/resource_ovc_forwarding.go:77.16,79.3 1 0
github.com/terraform-providers/terraform-provider-ovc/ovc/resource_ovc_forwarding.go:81.16,83.3 1 0
github.com/terraform-providers/terraform-provider-ovc/ovc/resource_ovc_forwarding.go:85.16,87.3 1 0
github.com/terraform-providers/terraform-provider-ovc/ovc/resource_ovc_forwarding.go:91.89,93.16 2 0
github.com/terraform-providers/terraform-provider-ovc/ovc/resource_ovc_forwarding.go:96.2,97.16 2 0
github.com/terraform-providers/terraform-provider-ovc/ovc/resource_ovc_forwarding.go:100.2,101.16 2 0
github.com/terraform-providers/terraform-provider-ovc/ovc/resource_ovc_forwarding.go:104.2,104.12 1 0
github.com/terraform-providers/terraform-provider-ovc/ovc/resource_ovc_forwarding.go:93.16,95.3 1 0
github.com/terraform-providers/terraform-provider-ovc/ovc/resource_ovc_forwarding.go:97.16,99.3 1 0
github.com/terraform-providers/terraform-provider-ovc/ovc/resource_ovc_forwarding.go:101.16,103.3 1 0
github.com/terraform-providers/terraform-provider-ovc/ovc/resource_ovc_forwarding.go:107.89,109.16 2 0
github.com/terraform-providers/terraform-provider-ovc/ovc/resource_ovc_forwarding.go:112.2,113.16 2 0
github.com/terraform-providers/terraform-provider-ovc/ovc/resource_ovc_forwarding.go:116.2,117.16 2 0
github.com/terraform-providers/terraform-provider-ovc/ovc/resource_ovc_forwarding.go:120.2,120.12 1 0
github.com/terraform-providers/terraform-provider-ovc/ovc/resource_ovc_forwarding.go:109.16,111.3 1 0
github.com/terraform-providers/terraform-provider-ovc/ovc/resource_ovc_forwarding.go:113.16,115.3 1 0
github.com/terraform-providers/terraform-provider-ovc/ovc/resource_ovc_forwarding.go:117.16,119.3 1 0
github.com/terraform-providers/terraform-provider-ovc/ovc/resource_ovc_forwarding.go:123.116,125.16 2 0
github.com/terraform-providers/terraform-provider-ovc/ovc/resource_ovc_forwarding.go:128.2,130.16 3 0
github.com/terraform-providers/terraform-provider-ovc/ovc/resource_ovc_forwarding.go:133.2,135.16 3 0
github.com/terraform-providers/terraform-provider-ovc/ovc/resource_ovc_forwarding.go:138.2,138.32 1 0
github.com/terraform-providers/terraform-provider-ovc/ovc/resource_ovc_forwarding.go:125.16,127.3 1 0
github.com/terraform-providers/terraform-provider-ovc/ovc/resource_ovc_forwarding.go:130.16,132.3 1 0
github.com/terraform-providers/terraform-provider-ovc/ovc/resource_ovc_forwarding.go:135.16,137.3 1 0
github.com/terraform-providers/terraform-provider-ovc/ovc/resource_ovc_forwarding.go:141.78,147.16 6 0
github.com/terraform-providers/terraform-provider-ovc/ovc/resource_ovc_forwarding.go:150.2,150.41 1 0
github.com/terraform-providers/terraform-provider-ovc/ovc/resource_ovc_forwarding.go:156.2,156.12 1 0
github.com/terraform-providers/terraform-provider-ovc/ovc/resource_ovc_forwarding.go:147.16,149.3 1 0
github.com/terraform-providers/terraform-provider-ovc/ovc/resource_ovc_forwarding.go:150.41,152.34 2 0
github.com/terraform-providers/terraform-provider-ovc/ovc/resource_ovc_forwarding.go:152.34,154.4 1 0
github.com/terraform-providers/terraform-provider-ovc/ovc/resource_ovc_forwarding.go:159.80,169.16 10 0
github.com/terraform-providers/terraform-provider-ovc/ovc/resource_ovc_forwarding.go:172.2,172.41 1 0
github.com/terraform-providers/terraform-provider-ovc/ovc/resource_ovc_forwarding.go:169.16,171.3 1 0
github.com/terraform-providers/terraform-provider-ovc/ovc/resource_ovc_forwarding.go:176.80,181.30 5 0
github.com/terraform-providers/terraform-provider-ovc/ovc/resource_ovc_forwarding.go:190.2,190.32 1 0
github.com/terraform-providers/terraform-provider-ovc/ovc/resource_ovc_forwarding.go:199.2,199.29 1 0
github.com/terraform-providers/terraform-provider-ovc/ovc/resource_ovc_forwarding.go:208.2,210.60 3 0
github.com/terraform-providers/terraform-provider-ovc/ovc/resource_ovc_forwarding.go:213.2,213.19 1 0
github.com/terraform-providers/terraform-provider-ovc/ovc/resource_ovc_forwarding.go:220.2,220.41 1 0
github.com/terraform-providers/terraform-provider-ovc/ovc/resource_ovc_forwarding.go:181.30,186.3 4 0
github.com/terraform-providers/terraform-provider-ovc/ovc/resource_ovc_forwarding.go:186.8,189.3 2 0
github.com/terraform-providers/terraform-provider-ovc/ovc/resource_ovc_forwarding.go:190.32,195.3 4 0
github.com/terraform-providers/terraform-provider-ovc/ovc/resource_ovc_forwarding.go:195.8,198.3 2 0
github.com/terraform-providers/terraform-provider-ovc/ovc/resource_ovc_forwarding.go:199.29,204.3 4 0
github.com/terraform-providers/terraform-provider-ovc/ovc/resource_ovc_forwarding.go:204.8,207.3 2 0
github.com/terraform-providers/terraform-provider-ovc/ovc/resource_ovc_forwarding.go:210.60,212.3 1 0
github.com/terraform-providers/terraform-provider-ovc/ovc/resource_ovc_forwarding.go:213.19,215.17 2 0
github.com/terraform-providers/terraform-provider-ovc/ovc/resource_ovc_forwarding.go:215.17,217.4 1 0
github.com/terraform-providers/terraform-provider-ovc/ovc/resource_ovc_forwarding.go:223.80,231.16 8 0
github.com/terraform-providers/terraform-provider-ovc/ovc/resource_ovc_forwarding.go:234.2,234.12 1 0
github.com/terraform-providers/terraform-provider-ovc/ovc/resource_ovc_forwarding.go:231.16,233.3 1 0
<<<<<<< HEAD
github.com/terraform-providers/terraform-provider-ovc/ovc/cloudspace_helpers.go:70.42,74.2 3 1
github.com/terraform-providers/terraform-provider-ovc/ovc/cloudspace_helpers.go:76.63,78.16 2 1
github.com/terraform-providers/terraform-provider-ovc/ovc/cloudspace_helpers.go:81.2,82.16 2 1
github.com/terraform-providers/terraform-provider-ovc/ovc/cloudspace_helpers.go:85.2,87.32 3 1
github.com/terraform-providers/terraform-provider-ovc/ovc/cloudspace_helpers.go:92.2,92.44 1 0
github.com/terraform-providers/terraform-provider-ovc/ovc/cloudspace_helpers.go:78.16,80.3 1 0
github.com/terraform-providers/terraform-provider-ovc/ovc/cloudspace_helpers.go:82.16,84.3 1 0
github.com/terraform-providers/terraform-provider-ovc/ovc/cloudspace_helpers.go:87.32,88.26 1 1
github.com/terraform-providers/terraform-provider-ovc/ovc/cloudspace_helpers.go:88.26,90.4 1 1
github.com/terraform-providers/terraform-provider-ovc/ovc/cloudspace_helpers.go:95.77,99.16 3 1
github.com/terraform-providers/terraform-provider-ovc/ovc/cloudspace_helpers.go:102.2,104.16 3 1
github.com/terraform-providers/terraform-provider-ovc/ovc/cloudspace_helpers.go:107.2,108.16 2 1
github.com/terraform-providers/terraform-provider-ovc/ovc/cloudspace_helpers.go:111.2,112.16 2 1
github.com/terraform-providers/terraform-provider-ovc/ovc/cloudspace_helpers.go:115.2,117.16 3 1
github.com/terraform-providers/terraform-provider-ovc/ovc/cloudspace_helpers.go:120.2,120.24 1 1
github.com/terraform-providers/terraform-provider-ovc/ovc/cloudspace_helpers.go:99.16,101.3 1 0
github.com/terraform-providers/terraform-provider-ovc/ovc/cloudspace_helpers.go:104.16,106.3 1 0
github.com/terraform-providers/terraform-provider-ovc/ovc/cloudspace_helpers.go:108.16,110.3 1 0
github.com/terraform-providers/terraform-provider-ovc/ovc/cloudspace_helpers.go:112.16,114.3 1 0
github.com/terraform-providers/terraform-provider-ovc/ovc/cloudspace_helpers.go:117.16,119.3 1 0
github.com/terraform-providers/terraform-provider-ovc/ovc/cloudspace_helpers.go:124.82,125.30 1 0
github.com/terraform-providers/terraform-provider-ovc/ovc/cloudspace_helpers.go:128.2,128.14 1 0
github.com/terraform-providers/terraform-provider-ovc/ovc/cloudspace_helpers.go:125.30,127.3 1 0
github.com/terraform-providers/terraform-provider-ovc/ovc/data_source_disk.go:47.43,82.2 1 1
github.com/terraform-providers/terraform-provider-ovc/ovc/data_source_disk.go:84.87,89.16 5 0
github.com/terraform-providers/terraform-provider-ovc/ovc/data_source_disk.go:92.2,93.16 2 0
github.com/terraform-providers/terraform-provider-ovc/ovc/data_source_disk.go:96.2,98.28 3 0
github.com/terraform-providers/terraform-provider-ovc/ovc/data_source_disk.go:103.2,103.41 1 0
github.com/terraform-providers/terraform-provider-ovc/ovc/data_source_disk.go:89.16,91.3 1 0
github.com/terraform-providers/terraform-provider-ovc/ovc/data_source_disk.go:93.16,95.3 1 0
github.com/terraform-providers/terraform-provider-ovc/ovc/data_source_disk.go:98.28,99.22 1 0
github.com/terraform-providers/terraform-provider-ovc/ovc/data_source_disk.go:99.22,101.4 1 0
github.com/terraform-providers/terraform-provider-ovc/ovc/data_source_disk.go:106.73,109.37 3 0
github.com/terraform-providers/terraform-provider-ovc/ovc/data_source_disk.go:118.2,119.16 2 0
github.com/terraform-providers/terraform-provider-ovc/ovc/data_source_disk.go:122.2,130.12 9 0
github.com/terraform-providers/terraform-provider-ovc/ovc/data_source_disk.go:109.37,111.3 1 0
github.com/terraform-providers/terraform-provider-ovc/ovc/data_source_disk.go:111.8,113.17 2 0
github.com/terraform-providers/terraform-provider-ovc/ovc/data_source_disk.go:116.3,116.15 1 0
github.com/terraform-providers/terraform-provider-ovc/ovc/data_source_disk.go:113.17,115.4 1 0
github.com/terraform-providers/terraform-provider-ovc/ovc/data_source_disk.go:119.16,121.3 1 0
github.com/terraform-providers/terraform-provider-ovc/ovc/resource_ovc_machine.go:12.44,73.2 1 1
github.com/terraform-providers/terraform-provider-ovc/ovc/resource_ovc_machine.go:75.81,78.16 3 1
github.com/terraform-providers/terraform-provider-ovc/ovc/resource_ovc_machine.go:81.2,82.16 2 1
github.com/terraform-providers/terraform-provider-ovc/ovc/resource_ovc_machine.go:85.2,86.16 2 1
github.com/terraform-providers/terraform-provider-ovc/ovc/resource_ovc_machine.go:89.2,89.26 1 0
github.com/terraform-providers/terraform-provider-ovc/ovc/resource_ovc_machine.go:78.16,80.3 1 0
github.com/terraform-providers/terraform-provider-ovc/ovc/resource_ovc_machine.go:82.16,84.3 1 0
github.com/terraform-providers/terraform-provider-ovc/ovc/resource_ovc_machine.go:86.16,88.3 1 1
github.com/terraform-providers/terraform-provider-ovc/ovc/resource_ovc_machine.go:92.81,94.16 2 0
github.com/terraform-providers/terraform-provider-ovc/ovc/resource_ovc_machine.go:97.2,98.16 2 0
github.com/terraform-providers/terraform-provider-ovc/ovc/resource_ovc_machine.go:101.2,102.16 2 0
github.com/terraform-providers/terraform-provider-ovc/ovc/resource_ovc_machine.go:105.2,105.26 1 0
github.com/terraform-providers/terraform-provider-ovc/ovc/resource_ovc_machine.go:94.16,96.3 1 0
github.com/terraform-providers/terraform-provider-ovc/ovc/resource_ovc_machine.go:98.16,100.3 1 0
github.com/terraform-providers/terraform-provider-ovc/ovc/resource_ovc_machine.go:102.16,104.3 1 0
github.com/terraform-providers/terraform-provider-ovc/ovc/resource_ovc_machine.go:108.81,110.16 2 0
github.com/terraform-providers/terraform-provider-ovc/ovc/resource_ovc_machine.go:113.2,114.16 2 0
github.com/terraform-providers/terraform-provider-ovc/ovc/resource_ovc_machine.go:117.2,118.16 2 0
github.com/terraform-providers/terraform-provider-ovc/ovc/resource_ovc_machine.go:121.2,121.26 1 0
github.com/terraform-providers/terraform-provider-ovc/ovc/resource_ovc_machine.go:110.16,112.3 1 0
github.com/terraform-providers/terraform-provider-ovc/ovc/resource_ovc_machine.go:114.16,116.3 1 0
github.com/terraform-providers/terraform-provider-ovc/ovc/resource_ovc_machine.go:118.16,120.3 1 0
github.com/terraform-providers/terraform-provider-ovc/ovc/resource_ovc_machine.go:124.74,127.16 3 0
github.com/terraform-providers/terraform-provider-ovc/ovc/resource_ovc_machine.go:152.2,153.16 2 0
github.com/terraform-providers/terraform-provider-ovc/ovc/resource_ovc_machine.go:156.2,156.35 1 0
github.com/terraform-providers/terraform-provider-ovc/ovc/resource_ovc_machine.go:160.2,160.37 1 0
github.com/terraform-providers/terraform-provider-ovc/ovc/resource_ovc_machine.go:163.2,163.12 1 0
github.com/terraform-providers/terraform-provider-ovc/ovc/resource_ovc_machine.go:127.16,130.56 3 0
github.com/terraform-providers/terraform-provider-ovc/ovc/resource_ovc_machine.go:130.56,140.18 10 0
github.com/terraform-providers/terraform-provider-ovc/ovc/resource_ovc_machine.go:143.4,146.50 4 0
github.com/terraform-providers/terraform-provider-ovc/ovc/resource_ovc_machine.go:140.18,142.5 1 0
github.com/terraform-providers/terraform-provider-ovc/ovc/resource_ovc_machine.go:147.9,149.4 1 0
github.com/terraform-providers/terraform-provider-ovc/ovc/resource_ovc_machine.go:153.16,155.3 1 0
github.com/terraform-providers/terraform-provider-ovc/ovc/resource_ovc_machine.go:156.35,159.3 2 0
github.com/terraform-providers/terraform-provider-ovc/ovc/resource_ovc_machine.go:160.37,162.3 1 0
github.com/terraform-providers/terraform-provider-ovc/ovc/resource_ovc_machine.go:166.76,175.16 9 1
github.com/terraform-providers/terraform-provider-ovc/ovc/resource_ovc_machine.go:178.2,181.37 4 0
github.com/terraform-providers/terraform-provider-ovc/ovc/resource_ovc_machine.go:175.16,177.3 1 1
github.com/terraform-providers/terraform-provider-ovc/ovc/resource_ovc_machine.go:185.76,189.25 4 0
github.com/terraform-providers/terraform-provider-ovc/ovc/resource_ovc_machine.go:192.2,192.32 1 0
github.com/terraform-providers/terraform-provider-ovc/ovc/resource_ovc_machine.go:195.2,196.16 2 0
github.com/terraform-providers/terraform-provider-ovc/ovc/resource_ovc_machine.go:199.2,200.37 2 0
github.com/terraform-providers/terraform-provider-ovc/ovc/resource_ovc_machine.go:189.25,191.3 1 0
github.com/terraform-providers/terraform-provider-ovc/ovc/resource_ovc_machine.go:192.32,194.3 1 0
github.com/terraform-providers/terraform-provider-ovc/ovc/resource_ovc_machine.go:196.16,198.3 1 0
github.com/terraform-providers/terraform-provider-ovc/ovc/resource_ovc_machine.go:203.76,209.16 6 0
github.com/terraform-providers/terraform-provider-ovc/ovc/resource_ovc_machine.go:212.2,212.12 1 0
github.com/terraform-providers/terraform-provider-ovc/ovc/resource_ovc_machine.go:209.16,211.3 1 0
=======
github.com/terraform-providers/terraform-provider-ovc/ovc/resource_ovc_machine.go:12.44,96.2 1 1
github.com/terraform-providers/terraform-provider-ovc/ovc/resource_ovc_machine.go:98.81,101.16 3 1
github.com/terraform-providers/terraform-provider-ovc/ovc/resource_ovc_machine.go:104.2,105.16 2 1
github.com/terraform-providers/terraform-provider-ovc/ovc/resource_ovc_machine.go:108.2,109.16 2 1
github.com/terraform-providers/terraform-provider-ovc/ovc/resource_ovc_machine.go:112.2,112.26 1 1
github.com/terraform-providers/terraform-provider-ovc/ovc/resource_ovc_machine.go:101.16,103.3 1 0
github.com/terraform-providers/terraform-provider-ovc/ovc/resource_ovc_machine.go:105.16,107.3 1 0
github.com/terraform-providers/terraform-provider-ovc/ovc/resource_ovc_machine.go:109.16,111.3 1 0
github.com/terraform-providers/terraform-provider-ovc/ovc/resource_ovc_machine.go:115.81,117.16 2 1
github.com/terraform-providers/terraform-provider-ovc/ovc/resource_ovc_machine.go:120.2,121.16 2 1
github.com/terraform-providers/terraform-provider-ovc/ovc/resource_ovc_machine.go:124.2,125.16 2 1
github.com/terraform-providers/terraform-provider-ovc/ovc/resource_ovc_machine.go:128.2,128.26 1 1
github.com/terraform-providers/terraform-provider-ovc/ovc/resource_ovc_machine.go:117.16,119.3 1 0
github.com/terraform-providers/terraform-provider-ovc/ovc/resource_ovc_machine.go:121.16,123.3 1 0
github.com/terraform-providers/terraform-provider-ovc/ovc/resource_ovc_machine.go:125.16,127.3 1 0
github.com/terraform-providers/terraform-provider-ovc/ovc/resource_ovc_machine.go:131.81,133.16 2 1
github.com/terraform-providers/terraform-provider-ovc/ovc/resource_ovc_machine.go:136.2,137.16 2 1
github.com/terraform-providers/terraform-provider-ovc/ovc/resource_ovc_machine.go:140.2,141.16 2 1
github.com/terraform-providers/terraform-provider-ovc/ovc/resource_ovc_machine.go:144.2,144.26 1 1
github.com/terraform-providers/terraform-provider-ovc/ovc/resource_ovc_machine.go:133.16,135.3 1 0
github.com/terraform-providers/terraform-provider-ovc/ovc/resource_ovc_machine.go:137.16,139.3 1 0
github.com/terraform-providers/terraform-provider-ovc/ovc/resource_ovc_machine.go:141.16,143.3 1 0
github.com/terraform-providers/terraform-provider-ovc/ovc/resource_ovc_machine.go:147.74,150.16 3 1
github.com/terraform-providers/terraform-provider-ovc/ovc/resource_ovc_machine.go:177.2,179.41 3 1
github.com/terraform-providers/terraform-provider-ovc/ovc/resource_ovc_machine.go:184.2,185.16 2 1
github.com/terraform-providers/terraform-provider-ovc/ovc/resource_ovc_machine.go:188.2,188.35 1 1
github.com/terraform-providers/terraform-provider-ovc/ovc/resource_ovc_machine.go:192.2,192.37 1 1
github.com/terraform-providers/terraform-provider-ovc/ovc/resource_ovc_machine.go:195.2,195.12 1 1
github.com/terraform-providers/terraform-provider-ovc/ovc/resource_ovc_machine.go:150.16,153.56 3 0
github.com/terraform-providers/terraform-provider-ovc/ovc/resource_ovc_machine.go:153.56,165.18 12 0
github.com/terraform-providers/terraform-provider-ovc/ovc/resource_ovc_machine.go:168.4,171.50 4 0
github.com/terraform-providers/terraform-provider-ovc/ovc/resource_ovc_machine.go:165.18,167.5 1 0
github.com/terraform-providers/terraform-provider-ovc/ovc/resource_ovc_machine.go:172.9,174.4 1 0
github.com/terraform-providers/terraform-provider-ovc/ovc/resource_ovc_machine.go:179.41,183.3 3 1
github.com/terraform-providers/terraform-provider-ovc/ovc/resource_ovc_machine.go:185.16,187.3 1 0
github.com/terraform-providers/terraform-provider-ovc/ovc/resource_ovc_machine.go:188.35,191.3 2 1
github.com/terraform-providers/terraform-provider-ovc/ovc/resource_ovc_machine.go:192.37,194.3 1 1
github.com/terraform-providers/terraform-provider-ovc/ovc/resource_ovc_machine.go:198.76,209.16 11 1
github.com/terraform-providers/terraform-provider-ovc/ovc/resource_ovc_machine.go:212.2,215.37 4 1
github.com/terraform-providers/terraform-provider-ovc/ovc/resource_ovc_machine.go:209.16,211.3 1 0
github.com/terraform-providers/terraform-provider-ovc/ovc/resource_ovc_machine.go:219.76,223.25 4 1
github.com/terraform-providers/terraform-provider-ovc/ovc/resource_ovc_machine.go:226.2,226.32 1 1
github.com/terraform-providers/terraform-provider-ovc/ovc/resource_ovc_machine.go:229.2,230.16 2 1
github.com/terraform-providers/terraform-provider-ovc/ovc/resource_ovc_machine.go:233.2,234.37 2 1
github.com/terraform-providers/terraform-provider-ovc/ovc/resource_ovc_machine.go:223.25,225.3 1 1
github.com/terraform-providers/terraform-provider-ovc/ovc/resource_ovc_machine.go:226.32,228.3 1 1
github.com/terraform-providers/terraform-provider-ovc/ovc/resource_ovc_machine.go:230.16,232.3 1 0
github.com/terraform-providers/terraform-provider-ovc/ovc/resource_ovc_machine.go:237.76,243.16 6 1
github.com/terraform-providers/terraform-provider-ovc/ovc/resource_ovc_machine.go:246.2,246.12 1 1
github.com/terraform-providers/terraform-provider-ovc/ovc/resource_ovc_machine.go:243.16,245.3 1 0
>>>>>>> 96d743197b5959b720a274b568730057f0d2de37
